[2024-12-23T13:01:51.344+0000] {manager.py:487} INFO - Processing files using up to 2 processes at a time 
[2024-12-23T13:01:51.346+0000] {manager.py:488} INFO - Process each file at most once every 30 seconds
[2024-12-23T13:01:51.348+0000] {manager.py:489} INFO - Checking for new files in /opt/airflow/dags every 300 seconds
[2024-12-23T13:01:51.350+0000] {manager.py:759} INFO - Searching for files in /opt/airflow/dags
[2024-12-23T13:01:51.368+0000] {manager.py:762} INFO - There are 0 files in /opt/airflow/dags
[2024-12-23T13:06:51.678+0000] {manager.py:759} INFO - Searching for files in /opt/airflow/dags
[2024-12-23T13:06:52.134+0000] {manager.py:762} INFO - There are 0 files in /opt/airflow/dags
[2024-12-23T13:11:52.156+0000] {manager.py:759} INFO - Searching for files in /opt/airflow/dags
[2024-12-23T13:11:52.193+0000] {manager.py:762} INFO - There are 0 files in /opt/airflow/dags
[2024-12-23T13:16:52.995+0000] {manager.py:759} INFO - Searching for files in /opt/airflow/dags
[2024-12-23T13:16:53.061+0000] {manager.py:762} INFO - There are 0 files in /opt/airflow/dags
[2024-12-23T13:21:53.096+0000] {manager.py:759} INFO - Searching for files in /opt/airflow/dags
[2024-12-23T13:21:53.139+0000] {manager.py:762} INFO - There are 0 files in /opt/airflow/dags
[2024-12-23T13:26:54.084+0000] {manager.py:759} INFO - Searching for files in /opt/airflow/dags
[2024-12-23T13:26:54.106+0000] {manager.py:762} INFO - There are 0 files in /opt/airflow/dags
[2024-12-23T13:31:54.173+0000] {manager.py:759} INFO - Searching for files in /opt/airflow/dags
[2024-12-23T13:31:54.193+0000] {manager.py:762} INFO - There are 0 files in /opt/airflow/dags
[2024-12-23T13:36:55.117+0000] {manager.py:759} INFO - Searching for files in /opt/airflow/dags
[2024-12-23T13:36:55.144+0000] {manager.py:762} INFO - There are 0 files in /opt/airflow/dags
[2024-12-23T13:41:55.948+0000] {manager.py:759} INFO - Searching for files in /opt/airflow/dags
[2024-12-23T13:41:56.019+0000] {manager.py:762} INFO - There are 0 files in /opt/airflow/dags
[2024-12-23T13:46:55.977+0000] {manager.py:759} INFO - Searching for files in /opt/airflow/dags
[2024-12-23T13:46:56.005+0000] {manager.py:762} INFO - There are 0 files in /opt/airflow/dags
[2024-12-23T13:51:56.894+0000] {manager.py:759} INFO - Searching for files in /opt/airflow/dags
[2024-12-23T13:51:56.914+0000] {manager.py:762} INFO - There are 0 files in /opt/airflow/dags
[2024-12-23T13:56:57.829+0000] {manager.py:759} INFO - Searching for files in /opt/airflow/dags
[2024-12-23T13:56:57.851+0000] {manager.py:762} INFO - There are 0 files in /opt/airflow/dags
[2024-12-23T14:01:58.798+0000] {manager.py:759} INFO - Searching for files in /opt/airflow/dags
[2024-12-23T14:01:58.822+0000] {manager.py:762} INFO - There are 0 files in /opt/airflow/dags
[2024-12-23T14:06:59.703+0000] {manager.py:759} INFO - Searching for files in /opt/airflow/dags
[2024-12-23T14:06:59.723+0000] {manager.py:762} INFO - There are 0 files in /opt/airflow/dags
[2024-12-23T14:12:00.614+0000] {manager.py:759} INFO - Searching for files in /opt/airflow/dags
[2024-12-23T14:12:00.635+0000] {manager.py:762} INFO - There are 0 files in /opt/airflow/dags
[2024-12-23T14:17:01.516+0000] {manager.py:759} INFO - Searching for files in /opt/airflow/dags
[2024-12-23T14:17:01.540+0000] {manager.py:762} INFO - There are 0 files in /opt/airflow/dags
[2024-12-23T14:22:02.352+0000] {manager.py:759} INFO - Searching for files in /opt/airflow/dags
[2024-12-23T14:22:02.380+0000] {manager.py:762} INFO - There are 0 files in /opt/airflow/dags
[2024-12-23T14:27:03.203+0000] {manager.py:759} INFO - Searching for files in /opt/airflow/dags
[2024-12-23T14:27:03.251+0000] {manager.py:762} INFO - There are 0 files in /opt/airflow/dags
[2024-12-23T14:32:04.144+0000] {manager.py:759} INFO - Searching for files in /opt/airflow/dags
[2024-12-23T14:32:04.238+0000] {manager.py:762} INFO - There are 0 files in /opt/airflow/dags
